{
  "RSpec": {
    "coverage": {
      "/Users/eduardoescobar/projects/own/backend_test_assignment-master/app/controllers/cars_controller.rb": {
        "lines": [
          1,
          1,
          2,
          2,
          2,
          1,
          1,
          null,
          null,
          1,
          null,
          null,
          1,
          null,
          1,
          2,
          null,
          null
        ]
      },
      "/Users/eduardoescobar/projects/own/backend_test_assignment-master/app/controllers/application_controller.rb": {
        "lines": [
          1,
          null
        ]
      },
      "/Users/eduardoescobar/projects/own/backend_test_assignment-master/spec/app/models/brand_spec.rb": {
        "lines": [
          1,
          null,
          1,
          1,
          1,
          1,
          null,
          null,
          1,
          1,
          1,
          null,
          null,
          1,
          2,
          null,
          null,
          null,
          null
        ]
      },
      "/Users/eduardoescobar/projects/own/backend_test_assignment-master/app/models/brand.rb": {
        "lines": [
          1,
          1,
          null
        ]
      },
      "/Users/eduardoescobar/projects/own/backend_test_assignment-master/app/models/application_record.rb": {
        "lines": [
          1,
          1,
          null
        ]
      },
      "/Users/eduardoescobar/projects/own/backend_test_assignment-master/spec/app/models/car_spec.rb": {
        "lines": [
          1,
          null,
          1,
          5,
          1,
          1,
          1,
          1,
          null,
          null,
          1,
          1,
          null,
          null,
          1,
          1,
          null,
          null,
          1,
          1,
          null,
          null,
          1,
          2,
          null,
          null
        ]
      },
      "/Users/eduardoescobar/projects/own/backend_test_assignment-master/app/models/car.rb": {
        "lines": [
          1,
          1,
          null
        ]
      },
      "/Users/eduardoescobar/projects/own/backend_test_assignment-master/spec/app/models/search_spec.rb": {
        "lines": [
          1,
          null,
          1,
          29,
          null,
          1,
          1,
          1,
          null,
          null,
          1,
          1,
          1,
          null,
          null,
          null,
          1,
          1,
          1,
          null,
          null,
          1,
          1,
          1,
          null,
          null,
          null,
          1,
          1,
          1,
          null,
          null,
          1,
          1,
          1,
          null,
          null,
          null,
          1,
          3,
          3,
          3,
          3,
          null,
          null,
          3,
          3,
          3,
          null,
          null,
          3,
          3,
          3,
          null,
          null,
          3,
          3,
          null,
          null,
          null,
          null,
          1,
          1,
          1,
          1,
          1,
          null,
          null,
          1,
          1,
          1,
          1,
          null,
          null,
          1,
          1,
          1,
          1,
          null,
          null,
          1,
          1,
          null,
          null,
          null,
          1,
          1,
          1,
          1,
          null,
          null,
          null,
          1,
          1,
          1,
          1,
          1,
          null,
          null,
          1,
          1,
          1,
          null,
          null,
          null,
          1,
          1,
          1,
          1,
          1,
          1,
          null,
          null,
          1,
          1,
          1,
          null,
          null,
          null,
          1,
          1,
          1,
          1,
          1,
          1,
          null,
          1,
          1,
          1,
          1,
          1,
          null,
          null,
          null
        ]
      },
      "/Users/eduardoescobar/projects/own/backend_test_assignment-master/app/models/search.rb": {
        "lines": [
          1,
          1,
          null,
          1,
          null,
          1,
          null,
          23,
          23,
          23,
          null,
          1,
          10,
          null,
          null,
          1,
          8,
          1,
          null,
          8,
          1,
          null,
          8,
          1,
          null,
          null,
          null,
          1,
          6,
          6,
          6,
          null,
          null,
          1,
          8,
          null,
          null,
          1,
          15,
          null,
          null,
          1,
          6,
          6,
          6,
          6,
          null,
          null,
          1,
          null,
          1,
          44,
          null,
          null
        ]
      },
      "/Users/eduardoescobar/projects/own/backend_test_assignment-master/spec/app/models/user_preferred_brand_spec.rb": {
        "lines": [
          1,
          null,
          1,
          3,
          3,
          5,
          1,
          1,
          1,
          1,
          null,
          null,
          1,
          1,
          null,
          null,
          1,
          1,
          1,
          null,
          null,
          1,
          1,
          1,
          null,
          null
        ]
      },
      "/Users/eduardoescobar/projects/own/backend_test_assignment-master/app/models/user_preferred_brand.rb": {
        "lines": [
          1,
          1,
          1,
          null
        ]
      },
      "/Users/eduardoescobar/projects/own/backend_test_assignment-master/spec/app/models/user_spec.rb": {
        "lines": [
          1,
          null,
          1,
          1,
          2,
          2,
          null,
          null,
          1,
          1,
          1,
          null,
          null,
          1,
          1,
          1,
          null,
          null,
          1,
          1,
          1,
          1,
          1,
          1,
          1,
          null,
          null,
          1,
          1,
          1,
          1,
          1,
          1,
          null,
          null,
          1,
          1,
          1,
          1,
          1,
          null,
          null,
          null,
          1,
          1,
          1,
          1,
          null,
          null,
          1,
          1,
          1,
          1,
          null,
          1,
          null,
          null,
          1,
          1,
          1,
          null,
          1,
          null,
          null,
          null,
          1,
          1,
          1,
          1,
          1,
          null,
          null,
          null,
          null
        ]
      },
      "/Users/eduardoescobar/projects/own/backend_test_assignment-master/app/models/user.rb": {
        "lines": [
          1,
          1,
          1,
          null,
          1,
          1,
          null,
          1,
          3,
          3,
          null,
          3,
          2,
          null,
          null,
          null
        ]
      },
      "/Users/eduardoescobar/projects/own/backend_test_assignment-master/app/models/concerns/documentable.rb": {
        "lines": [
          1,
          1,
          null,
          1,
          0,
          null,
          null,
          1,
          0,
          null,
          0,
          null,
          null,
          null,
          null,
          null,
          null,
          null,
          null,
          null,
          1,
          0,
          0,
          null,
          0,
          null,
          null
        ]
      },
      "/Users/eduardoescobar/projects/own/backend_test_assignment-master/app/models/concerns/elasticable.rb": {
        "lines": [
          1,
          1,
          null,
          1,
          2,
          null,
          null,
          1,
          1,
          null,
          null,
          1,
          2,
          null,
          null,
          1,
          0,
          0,
          null,
          0,
          null,
          0,
          null,
          0,
          0,
          null,
          null,
          1,
          1,
          null,
          null
        ]
      },
      "/Users/eduardoescobar/projects/own/backend_test_assignment-master/spec/app/services/search_manager_spec.rb": {
        "lines": [
          1,
          null,
          1,
          6,
          4,
          3,
          null,
          1,
          2,
          2,
          2,
          null,
          null,
          1,
          1,
          1,
          1,
          1,
          null,
          null,
          null,
          1,
          1,
          1,
          null,
          null,
          1,
          1,
          1,
          null,
          null,
          1,
          1,
          1,
          null,
          null,
          null,
          1,
          1,
          1,
          1,
          null,
          null,
          1,
          1,
          1,
          null,
          null,
          null,
          1,
          1,
          1,
          null,
          null,
          1,
          1,
          1,
          null,
          null,
          1,
          1,
          null,
          null,
          null
        ]
      },
      "/Users/eduardoescobar/projects/own/backend_test_assignment-master/app/services/search_manager.rb": {
        "lines": [
          1,
          1,
          null,
          1,
          11,
          11,
          11,
          11,
          null,
          null,
          1,
          6,
          null,
          null,
          1,
          4,
          4,
          null,
          null,
          1,
          5,
          5,
          1,
          null,
          5,
          null,
          null,
          1,
          null,
          1,
          null
        ]
      },
      "/Users/eduardoescobar/projects/own/backend_test_assignment-master/spec/lib/search_engine/elastic_wrapper_spec.rb": {
        "lines": [
          1,
          null,
          1,
          6,
          null,
          1,
          1,
          1,
          null,
          null,
          1,
          1,
          1,
          null,
          null,
          1,
          1,
          1,
          null,
          null,
          1,
          1,
          1,
          null,
          null,
          1,
          1,
          1,
          null,
          null
        ]
      },
      "/Users/eduardoescobar/projects/own/backend_test_assignment-master/lib/search_engine/elastic_wrapper.rb": {
        "lines": [
          1,
          1,
          17,
          17,
          null,
          null,
          1,
          9,
          null,
          null,
          null,
          null,
          null,
          1,
          1,
          null,
          null,
          1,
          1,
          null,
          null,
          1,
          1,
          null,
          null,
          1,
          1,
          null,
          null,
          1,
          5,
          null,
          null,
          1,
          0,
          null,
          null,
          1,
          null,
          1,
          null
        ]
      },
      "/Users/eduardoescobar/projects/own/backend_test_assignment-master/spec/lib/search_engine/recommendation_service_spec.rb": {
        "lines": [
          1,
          null,
          1,
          3,
          null,
          1,
          1,
          1,
          1,
          null,
          null,
          1,
          1,
          1,
          1,
          null,
          null
        ]
      },
      "/Users/eduardoescobar/projects/own/backend_test_assignment-master/lib/search_engine/recommendation_service.rb": {
        "lines": [
          1,
          1,
          null,
          1,
          2,
          null,
          null,
          1,
          2,
          2,
          null,
          0,
          0,
          null,
          null,
          1,
          null,
          1,
          2,
          null,
          null,
          null,
          1,
          2,
          null,
          null
        ]
      },
      "/Users/eduardoescobar/projects/own/backend_test_assignment-master/spec/lib/search_engine/result_parsers/search_response_parser_spec.rb": {
        "lines": [
          1,
          null,
          1,
          2,
          1,
          null,
          1,
          null,
          null,
          null,
          null,
          null,
          null,
          null,
          null,
          null,
          null,
          null,
          null,
          null,
          null,
          1,
          null,
          null,
          1,
          null,
          null,
          null,
          null,
          null,
          null,
          null,
          null,
          null,
          null,
          null,
          null,
          1,
          1,
          null,
          null
        ]
      },
      "/Users/eduardoescobar/projects/own/backend_test_assignment-master/lib/search_engine/result_parsers/search_response_parser.rb": {
        "lines": [
          1,
          1,
          3,
          null,
          null,
          1,
          null,
          1,
          1,
          null,
          1,
          null,
          null,
          null,
          null,
          null,
          null,
          null,
          null,
          null,
          null,
          null
        ]
      },
      "/Users/eduardoescobar/projects/own/backend_test_assignment-master/lib/search_engine/result_parsers/base_parser.rb": {
        "lines": [
          1,
          1,
          0,
          null,
          null
        ]
      },
      "/Users/eduardoescobar/projects/own/backend_test_assignment-master/lib/search_engine/query_builder.rb": {
        "lines": [
          1,
          1,
          null,
          1,
          14,
          null,
          null,
          1,
          8,
          null,
          null,
          1,
          1,
          null,
          null,
          null,
          null,
          null,
          null,
          1,
          1,
          null,
          null,
          1,
          1,
          null,
          null,
          1,
          2,
          2,
          2,
          2,
          2,
          null,
          null,
          1,
          18,
          null,
          18,
          null,
          null,
          null,
          18,
          18,
          18,
          null,
          null
        ]
      }
    },
    "timestamp": 1699469560
  },
  "Unknown Test Framework": {
    "coverage": {
      "/Users/eduardoescobar/projects/own/backend_test_assignment-master/bin/spring": {
        "lines": [
          null,
          1,
          1,
          1,
          null,
          null,
          70,
          1,
          1,
          1,
          null,
          null,
          null,
          null
        ]
      },
      "/Users/eduardoescobar/projects/own/backend_test_assignment-master/app/mailers/application_mailer.rb": {
        "lines": [
          0,
          0,
          0,
          0
        ],
        "branches": {
        }
      },
      "/Users/eduardoescobar/projects/own/backend_test_assignment-master/app/models/brand.rb": {
        "lines": [
          0,
          0,
          0
        ],
        "branches": {
        }
      },
      "/Users/eduardoescobar/projects/own/backend_test_assignment-master/app/models/search.rb": {
        "lines": [
          0,
          0,
          null,
          0,
          null,
          0,
          null,
          0,
          0,
          0,
          null,
          0,
          0,
          0,
          null,
          0,
          0,
          0,
          0,
          0,
          0,
          0,
          0,
          0,
          0,
          0,
          null,
          0,
          0,
          0,
          0,
          0,
          null,
          0,
          0,
          0,
          null,
          0,
          0,
          0,
          null,
          0,
          0,
          0,
          0,
          0,
          0,
          null,
          0,
          null,
          0,
          0,
          0,
          0
        ],
        "branches": {
        }
      },
      "/Users/eduardoescobar/projects/own/backend_test_assignment-master/app/models/user_preferred_brand.rb": {
        "lines": [
          0,
          0,
          0,
          0
        ],
        "branches": {
        }
      },
      "/Users/eduardoescobar/projects/own/backend_test_assignment-master/app/models/car.rb": {
        "lines": [
          0,
          0,
          0
        ],
        "branches": {
        }
      },
      "/Users/eduardoescobar/projects/own/backend_test_assignment-master/app/models/application_record.rb": {
        "lines": [
          0,
          0,
          0
        ],
        "branches": {
        }
      },
      "/Users/eduardoescobar/projects/own/backend_test_assignment-master/app/models/concerns/documentable.rb": {
        "lines": [
          0,
          0,
          null,
          0,
          0,
          0,
          null,
          0,
          0,
          0,
          0,
          0,
          0,
          0,
          0,
          0,
          0,
          0,
          0,
          null,
          0,
          0,
          0,
          null,
          0,
          0,
          0
        ],
        "branches": {
        }
      },
      "/Users/eduardoescobar/projects/own/backend_test_assignment-master/app/models/concerns/elasticable.rb": {
        "lines": [
          0,
          0,
          null,
          0,
          0,
          0,
          null,
          0,
          0,
          0,
          null,
          0,
          0,
          0,
          null,
          0,
          0,
          0,
          0,
          0,
          null,
          0,
          0,
          0,
          0,
          0,
          null,
          0,
          0,
          0,
          0
        ],
        "branches": {
        }
      },
      "/Users/eduardoescobar/projects/own/backend_test_assignment-master/app/models/user.rb": {
        "lines": [
          0,
          0,
          0,
          null,
          0,
          0,
          null,
          0,
          0,
          0,
          null,
          0,
          0,
          0,
          0,
          null
        ],
        "branches": {
        }
      },
      "/Users/eduardoescobar/projects/own/backend_test_assignment-master/app/jobs/sync_to_elastic_job.rb": {
        "lines": [
          0,
          0,
          0,
          0,
          0,
          0
        ],
        "branches": {
        }
      },
      "/Users/eduardoescobar/projects/own/backend_test_assignment-master/app/jobs/application_job.rb": {
        "lines": [
          0,
          0,
          null,
          null,
          null,
          null,
          null,
          0
        ],
        "branches": {
        }
      },
      "/Users/eduardoescobar/projects/own/backend_test_assignment-master/app/controllers/application_controller.rb": {
        "lines": [
          0,
          0
        ],
        "branches": {
        }
      },
      "/Users/eduardoescobar/projects/own/backend_test_assignment-master/app/controllers/cars_controller.rb": {
        "lines": [
          0,
          0,
          0,
          0,
          0,
          0,
          0,
          0,
          null,
          0,
          0,
          null,
          0,
          null,
          0,
          0,
          0,
          0
        ],
        "branches": {
        }
      },
      "/Users/eduardoescobar/projects/own/backend_test_assignment-master/app/services/search_manager.rb": {
        "lines": [
          0,
          0,
          null,
          0,
          0,
          0,
          0,
          0,
          0,
          null,
          0,
          0,
          0,
          null,
          0,
          0,
          0,
          0,
          null,
          0,
          0,
          0,
          0,
          0,
          0,
          0,
          null,
          0,
          null,
          0,
          0
        ],
        "branches": {
        }
      },
      "/Users/eduardoescobar/projects/own/backend_test_assignment-master/app/channels/application_cable/connection.rb": {
        "lines": [
          0,
          0,
          0,
          0
        ],
        "branches": {
        }
      },
      "/Users/eduardoescobar/projects/own/backend_test_assignment-master/app/channels/application_cable/channel.rb": {
        "lines": [
          0,
          0,
          0,
          0
        ],
        "branches": {
        }
      },
      "/Users/eduardoescobar/projects/own/backend_test_assignment-master/lib/search_engine/recommendation_service.rb": {
        "lines": [
          0,
          0,
          null,
          0,
          0,
          0,
          null,
          0,
          0,
          0,
          0,
          0,
          0,
          0,
          0,
          0,
          null,
          0,
          null,
          0,
          0,
          0,
          0,
          null,
          0,
          0,
          0,
          0
        ],
        "branches": {
        }
      },
      "/Users/eduardoescobar/projects/own/backend_test_assignment-master/lib/search_engine/query_builder.rb": {
        "lines": [
          0,
          0,
          null,
          0,
          0,
          0,
          null,
          0,
          0,
          0,
          null,
          0,
          0,
          0,
          0,
          0,
          0,
          0,
          null,
          0,
          0,
          0,
          null,
          0,
          0,
          0,
          null,
          0,
          0,
          0,
          0,
          0,
          0,
          0,
          null,
          0,
          0,
          0,
          0,
          0,
          0,
          0,
          0,
          0,
          0,
          0,
          null,
          0
        ],
        "branches": {
        }
      },
      "/Users/eduardoescobar/projects/own/backend_test_assignment-master/lib/search_engine/elastic_wrapper.rb": {
        "lines": [
          0,
          0,
          0,
          0,
          0,
          null,
          0,
          0,
          0,
          0,
          0,
          0,
          null,
          0,
          0,
          0,
          null,
          0,
          0,
          0,
          null,
          0,
          0,
          0,
          null,
          0,
          0,
          0,
          null,
          0,
          0,
          0,
          null,
          0,
          0,
          0,
          null,
          0,
          null,
          0,
          0
        ],
        "branches": {
        }
      },
      "/Users/eduardoescobar/projects/own/backend_test_assignment-master/lib/search_engine/result_parsers/base_parser.rb": {
        "lines": [
          0,
          0,
          0,
          0,
          0
        ],
        "branches": {
        }
      },
      "/Users/eduardoescobar/projects/own/backend_test_assignment-master/lib/search_engine/result_parsers/search_response_parser.rb": {
        "lines": [
          0,
          0,
          0,
          0,
          0,
          0,
          0,
          0,
          0,
          0,
          0,
          0,
          0,
          0,
          0,
          null,
          0,
          0,
          0,
          0
        ],
        "branches": {
        }
      }
    },
    "timestamp": 1699455528
  }
}
